<?xml version="1.0" encoding="UTF-8"?>
<testsuite xmlns:xsi="http://www.w3.org/2001/XMLSchema-instance" xsi:noNamespaceSchemaLocation="https://maven.apache.org/surefire/maven-surefire-plugin/xsd/surefire-test-report-3.0.xsd" version="3.0" name="com.example.gsneaker.GSneakerApplicationTests" time="6.288" tests="1" errors="0" skipped="0" failures="0">
  <properties>
[...]
</properties>
  <testcase name="contextLoads" classname="com.example.gsneaker.GSneakerApplicationTests" time="0.413">
    <system-out><![CDATA[16:07:31.330 [main] INFO org.springframework.test.context.support.AnnotationConfigContextLoaderUtils -- Could not detect default configuration classes for test class [com.example.gsneaker.GSneakerApplicationTests]: GSneakerApplicationTests does not declare any static, non-private, non-final, nested classes annotated with @Configuration.
16:07:31.422 [main] INFO org.springframework.boot.test.context.SpringBootTestContextBootstrapper -- Found @SpringBootConfiguration com.example.gsneaker.GSneakerApplication for test class com.example.gsneaker.GSneakerApplicationTests
16:07:31.586 [main] INFO org.springframework.boot.devtools.restart.RestartApplicationListener -- Restart disabled due to context in which it is running

  .   ____          _            __ _ _
 /\\ / ___'_ __ _ _(_)_ __  __ _ \ \ \ \
( ( )\___ | '_ | '_| | '_ \/ _` | \ \ \ \
 \\/  ___)| |_)| | | | | || (_| |  ) ) ) )
  '  |____| .__|_| |_|_| |_\__, | / / / /
 =========|_|==============|___/=/_/_/_/
 :: Spring Boot ::                (v3.2.0)

2023-12-07T16:07:31.865+07:00  INFO 3432 --- [           main] c.e.gsneaker.GSneakerApplicationTests    : Starting GSneakerApplicationTests using Java 17.0.8.1 with PID 3432 (started by mrtru in D:\Workspace\SpringBoot\G-Sneaker)
2023-12-07T16:07:31.867+07:00  INFO 3432 --- [           main] c.e.gsneaker.GSneakerApplicationTests    : No active profile set, falling back to 1 default profile: "default"
2023-12-07T16:07:32.853+07:00  INFO 3432 --- [           main] .s.d.r.c.RepositoryConfigurationDelegate : Bootstrapping Spring Data JPA repositories in DEFAULT mode.
2023-12-07T16:07:32.903+07:00  INFO 3432 --- [           main] .s.d.r.c.RepositoryConfigurationDelegate : Finished Spring Data repository scanning in 43 ms. Found 2 JPA repository interfaces.
2023-12-07T16:07:33.328+07:00  INFO 3432 --- [           main] o.hibernate.jpa.internal.util.LogHelper  : HHH000204: Processing PersistenceUnitInfo [name: default]
2023-12-07T16:07:33.394+07:00  INFO 3432 --- [           main] org.hibernate.Version                    : HHH000412: Hibernate ORM core version 6.3.1.Final
2023-12-07T16:07:33.432+07:00  INFO 3432 --- [           main] o.h.c.internal.RegionFactoryInitiator    : HHH000026: Second-level cache disabled
2023-12-07T16:07:33.748+07:00  INFO 3432 --- [           main] o.s.o.j.p.SpringPersistenceUnitInfo      : No LoadTimeWeaver setup: ignoring JPA class transformer
2023-12-07T16:07:33.773+07:00  INFO 3432 --- [           main] com.zaxxer.hikari.HikariDataSource       : HikariPool-1 - Starting...
2023-12-07T16:07:34.739+07:00  INFO 3432 --- [           main] com.zaxxer.hikari.pool.HikariPool        : HikariPool-1 - Added connection org.postgresql.jdbc.PgConnection@f9b8129
2023-12-07T16:07:34.741+07:00  INFO 3432 --- [           main] com.zaxxer.hikari.HikariDataSource       : HikariPool-1 - Start completed.
2023-12-07T16:07:35.678+07:00  INFO 3432 --- [           main] o.h.e.t.j.p.i.JtaPlatformInitiator       : HHH000489: No JTA platform available (set 'hibernate.transaction.jta.platform' to enable JTA platform integration)
2023-12-07T16:07:35.996+07:00  INFO 3432 --- [           main] j.LocalContainerEntityManagerFactoryBean : Initialized JPA EntityManagerFactory for persistence unit 'default'
2023-12-07T16:07:36.448+07:00  WARN 3432 --- [           main] JpaBaseConfiguration$JpaWebConfiguration : spring.jpa.open-in-view is enabled by default. Therefore, database queries may be performed during view rendering. Explicitly configure spring.jpa.open-in-view to disable this warning
2023-12-07T16:07:37.042+07:00  INFO 3432 --- [           main] c.e.gsneaker.GSneakerApplicationTests    : Started GSneakerApplicationTests in 5.467 seconds (process running for 6.318)
]]></system-out>
  </testcase>
</testsuite>